This is XeTeX, Version 3.141592653-2.6-0.999993 (TeX Live 2021) (preloaded format=xelatex 2021.5.2)  3 MAY 2021 13:15
entering extended mode
 restricted \write18 enabled.
 %&-line parsing enabled.
**bookdown.tex
(./bookdown.tex
LaTeX2e <2020-10-01> patch level 4
L3 programming layer <2021-02-18> (./krantz.cls
Document Class: krantz 2005/09/16 v1.4f Standard LaTeX document class
(/Users/juliasilge/Library/TinyTeX/texmf-dist/tex/latex/base/bk10.clo
File: bk10.clo 2020/04/10 v1.4m Standard LaTeX file (size option)
)
\trimheight=\dimen138
\trimwidth=\dimen139
\normaltextheight=\dimen140
\tempa=\dimen141
\tempdimen=\dimen142
\htrim=\dimen143
\vtrimtop=\dimen144
\vtrimbot=\dimen145
\ul@box=\box47
\ur@box=\box48
\ll@box=\box49
\lr@box=\box50
\@cipboxa=\box51
\@cipboxb=\box52
\@ciprulewidth=\dimen146
\c@part=\count175
\c@chapter=\count176
\c@section=\count177
\c@subsection=\count178
\c@subsubsection=\count179
\c@paragraph=\count180
\c@subparagraph=\count181
\secwd=\dimen147
\subsecwd=\dimen148
\subsubsecwd=\dimen149
\c@figure=\count182
\c@table=\count183
\abovecaptionskip=\skip47
\belowcaptionskip=\skip48
\c@numauthors=\count184
\section@toc@skip=\skip49
\SectionTOCWidth=\skip50
\subsection@toc@skip=\skip51
\SubSectionTOCWidth=\skip52
\subsubsection@toc@skip=\skip53
\SubSubSectionTOCWidth=\skip54
\paragraph@toc@skip=\skip55
\ParagraphTOCWidth=\skip56
\subparagraph@toc@skip=\skip57
\@AUonebox=\box53
\@AUtwobox=\box54
\@AUthreebox=\box55
\@AUfourbox=\box56
\@AUaffonebox=\box57
\@AUafftwobox=\box58
\@AUaffthreebox=\box59
\@AUafffourbox=\box60
\@finalAUboxfromone=\box61
\@finalAUboxfromtwo=\box62
\@finalAUboxfromthree=\box63
\@finalAUboxfromfour=\box64
\c@chaptocdepth=\count185
\bibindent=\dimen150
\tempbox=\box65
\nomenwidth=\dimen151
\@tablebox=\box66
\@tabletitlebox=\box67
\@tablewidth=\dimen152
\@tabletitlewidth=\dimen153
\max@tablewidth=\dimen154
\tempbox=\box68
\tempdimen=\dimen155
\tempbox=\box69
\notewidth=\dimen156
\wherebox=\box70
\wherewidth=\dimen157
\listtextleftmargin=\skip58
\listtextleftmarginii=\skip59
\listtextleftmarginiii=\skip60
\listtextrightmargin=\skip61
\listlabelleftskip=\skip62
\listlabelleftskipii=\skip63
\listlabelleftskipiii=\skip64
\abovelistskipi=\skip65
\belowlistskipi=\skip66
\abovelistskipii=\skip67
\belowlistskipii=\skip68
\abovelistskipiii=\skip69
\belowlistskipiii=\skip70
\labelsepi=\skip71
\labelsepii=\skip72
\labelsepiii=\skip73
\itemsepi=\skip74
\itemsepii=\skip75
\itemsepiii=\skip76
\enumdimwd=\dimen158
\enumdim=\dimen159
\concolwidth=\dimen160
\stempbox=\box71
) (/Users/juliasilge/Library/TinyTeX/texmf-dist/tex/latex/amsmath/amsmath.sty
Package: amsmath 2020/09/23 v2.17i AMS math features
\@mathmargin=\skip77
For additional information on amsmath, use the `?' option.
(/Users/juliasilge/Library/TinyTeX/texmf-dist/tex/latex/amsmath/amstext.sty
Package: amstext 2000/06/29 v2.01 AMS text
(/Users/juliasilge/Library/TinyTeX/texmf-dist/tex/latex/amsmath/amsgen.sty
File: amsgen.sty 1999/11/30 v2.0 generic functions
\@emptytoks=\toks15
\ex@=\dimen161
)) (/Users/juliasilge/Library/TinyTeX/texmf-dist/tex/latex/amsmath/amsbsy.sty
Package: amsbsy 1999/11/29 v1.2d Bold Symbols
\pmbraise@=\dimen162
) (/Users/juliasilge/Library/TinyTeX/texmf-dist/tex/latex/amsmath/amsopn.sty
Package: amsopn 2016/03/08 v2.02 operator names
)
\inf@bad=\count186
LaTeX Info: Redefining \frac on input line 234.
\uproot@=\count187
\leftroot@=\count188
LaTeX Info: Redefining \overline on input line 399.
\classnum@=\count189
\DOTSCASE@=\count190
LaTeX Info: Redefining \ldots on input line 496.
LaTeX Info: Redefining \dots on input line 499.
LaTeX Info: Redefining \cdots on input line 620.
\Mathstrutbox@=\box72
\strutbox@=\box73
\big@size=\dimen163
LaTeX Font Info:    Redeclaring font encoding OML on input line 743.
LaTeX Font Info:    Redeclaring font encoding OMS on input line 744.
\macc@depth=\count191
\c@MaxMatrixCols=\count192
\dotsspace@=\muskip16
\c@parentequation=\count193
\dspbrk@lvl=\count194
\tag@help=\toks16
\row@=\count195
\column@=\count196
\maxfields@=\count197
\andhelp@=\toks17
\eqnshift@=\dimen164
\alignsep@=\dimen165
\tagshift@=\dimen166
\tagwidth@=\dimen167
\totwidth@=\dimen168
\lineht@=\dimen169
\@envbody=\toks18
\multlinegap=\skip78
\multlinetaggap=\skip79
\mathdisplay@stack=\toks19
LaTeX Info: Redefining \[ on input line 2923.
LaTeX Info: Redefining \] on input line 2924.
) (/Users/juliasilge/Library/TinyTeX/texmf-dist/tex/latex/amsfonts/amssymb.sty
Package: amssymb 2013/01/14 v3.01 AMS font symbols
(/Users/juliasilge/Library/TinyTeX/texmf-dist/tex/latex/amsfonts/amsfonts.sty
Package: amsfonts 2013/01/14 v3.01 Basic AMSFonts support
\symAMSa=\mathgroup4
\symAMSb=\mathgroup5
LaTeX Font Info:    Redeclaring math symbol \hbar on input line 98.
LaTeX Font Info:    Overwriting math alphabet `\mathfrak' in version `bold'
(Font)                  U/euf/m/n --> U/euf/b/n on input line 106.
)) (/Users/juliasilge/Library/TinyTeX/texmf-dist/tex/latex/lm/lmodern.sty
Package: lmodern 2015/05/01 v1.6.1 Latin Modern Fonts
LaTeX Font Info:    Overwriting symbol font `operators' in version `normal'
(Font)                  OT1/cmr/m/n --> OT1/lmr/m/n on input line 22.
LaTeX Font Info:    Overwriting symbol font `letters' in version `normal'
(Font)                  OML/cmm/m/it --> OML/lmm/m/it on input line 23.
LaTeX Font Info:    Overwriting symbol font `symbols' in version `normal'
(Font)                  OMS/cmsy/m/n --> OMS/lmsy/m/n on input line 24.
LaTeX Font Info:    Overwriting symbol font `largesymbols' in version `normal'
(Font)                  OMX/cmex/m/n --> OMX/lmex/m/n on input line 25.
LaTeX Font Info:    Overwriting symbol font `operators' in version `bold'
(Font)                  OT1/cmr/bx/n --> OT1/lmr/bx/n on input line 26.
LaTeX Font Info:    Overwriting symbol font `letters' in version `bold'
(Font)                  OML/cmm/b/it --> OML/lmm/b/it on input line 27.
LaTeX Font Info:    Overwriting symbol font `symbols' in version `bold'
(Font)                  OMS/cmsy/b/n --> OMS/lmsy/b/n on input line 28.
LaTeX Font Info:    Overwriting symbol font `largesymbols' in version `bold'
(Font)                  OMX/cmex/m/n --> OMX/lmex/m/n on input line 29.
LaTeX Font Info:    Overwriting math alphabet `\mathbf' in version `normal'
(Font)                  OT1/cmr/bx/n --> OT1/lmr/bx/n on input line 31.
LaTeX Font Info:    Overwriting math alphabet `\mathsf' in version `normal'
(Font)                  OT1/cmss/m/n --> OT1/lmss/m/n on input line 32.
LaTeX Font Info:    Overwriting math alphabet `\mathit' in version `normal'
(Font)                  OT1/cmr/m/it --> OT1/lmr/m/it on input line 33.
LaTeX Font Info:    Overwriting math alphabet `\mathtt' in version `normal'
(Font)                  OT1/cmtt/m/n --> OT1/lmtt/m/n on input line 34.
LaTeX Font Info:    Overwriting math alphabet `\mathbf' in version `bold'
(Font)                  OT1/cmr/bx/n --> OT1/lmr/bx/n on input line 35.
LaTeX Font Info:    Overwriting math alphabet `\mathsf' in version `bold'
(Font)                  OT1/cmss/bx/n --> OT1/lmss/bx/n on input line 36.
LaTeX Font Info:    Overwriting math alphabet `\mathit' in version `bold'
(Font)                  OT1/cmr/bx/it --> OT1/lmr/bx/it on input line 37.
LaTeX Font Info:    Overwriting math alphabet `\mathtt' in version `bold'
(Font)                  OT1/cmtt/m/n --> OT1/lmtt/m/n on input line 38.
) (/Users/juliasilge/Library/TinyTeX/texmf-dist/tex/generic/iftex/ifxetex.sty
Package: ifxetex 2019/10/25 v0.7 ifxetex legacy package. Use iftex instead.
(/Users/juliasilge/Library/TinyTeX/texmf-dist/tex/generic/iftex/iftex.sty
Package: iftex 2020/03/06 v1.0d TeX engine tests
)) (/Users/juliasilge/Library/TinyTeX/texmf-dist/tex/generic/iftex/ifluatex.sty
Package: ifluatex 2019/10/25 v1.5 ifluatex legacy package. Use iftex instead.
)
(/Users/juliasilge/Library/TinyTeX/texmf-dist/tex/latex/unicode-math/unicode-ma
th.sty (/Users/juliasilge/Library/TinyTeX/texmf-dist/tex/latex/l3kernel/expl3.s
ty
Package: expl3 2021-02-18 L3 programming layer (loader) 

(/Users/juliasilge/Library/TinyTeX/texmf-dist/tex/latex/l3backend/l3backend-xet
ex.def
File: l3backend-xetex.def 2021-03-18 L3 backend support: XeTeX
(|extractbb --version)
\c__kernel_sys_dvipdfmx_version_int=\count198
\l__color_backend_stack_int=\count199
\g__color_backend_stack_int=\count266
\g__graphics_track_int=\count267
\l__pdf_internal_box=\box74
\g__pdf_backend_object_int=\count268
\g__pdf_backend_annotation_int=\count269
\g__pdf_backend_link_int=\count270
))
Package: unicode-math 2020/01/31 v0.8q Unicode maths in XeLaTeX and LuaLaTeX

(/Users/juliasilge/Library/TinyTeX/texmf-dist/tex/latex/unicode-math/unicode-ma
th-xetex.sty
Package: unicode-math-xetex 2020/01/31 v0.8q Unicode maths in XeLaTeX and LuaLa
TeX

(/Users/juliasilge/Library/TinyTeX/texmf-dist/tex/latex/l3packages/xparse/xpars
e.sty
(/Users/juliasilge/Library/TinyTeX/texmf-dist/tex/latex/l3packages/xparse/xpars
e-2020-10-01.sty
(/Users/juliasilge/Library/TinyTeX/texmf-dist/tex/latex/l3packages/xparse/xpars
e-generic.tex)))
(/Users/juliasilge/Library/TinyTeX/texmf-dist/tex/latex/l3packages/l3keys2e/l3k
eys2e.sty
Package: l3keys2e 2021-03-12 LaTeX2e option processing using LaTeX3 keys
) (/Users/juliasilge/Library/TinyTeX/texmf-dist/tex/latex/fontspec/fontspec.sty
Package: fontspec 2020/02/21 v2.7i Font selection for XeLaTeX and LuaLaTeX

(/Users/juliasilge/Library/TinyTeX/texmf-dist/tex/latex/fontspec/fontspec-xetex
.sty
Package: fontspec-xetex 2020/02/21 v2.7i Font selection for XeLaTeX and LuaLaTe
X
\l__fontspec_script_int=\count271
\l__fontspec_language_int=\count272
\l__fontspec_strnum_int=\count273
\l__fontspec_tmp_int=\count274
\l__fontspec_tmpa_int=\count275
\l__fontspec_tmpb_int=\count276
\l__fontspec_tmpc_int=\count277
\l__fontspec_em_int=\count278
\l__fontspec_emdef_int=\count279
\l__fontspec_strong_int=\count280
\l__fontspec_strongdef_int=\count281
\l__fontspec_tmpa_dim=\dimen170
\l__fontspec_tmpb_dim=\dimen171
\l__fontspec_tmpc_dim=\dimen172
(/Users/juliasilge/Library/TinyTeX/texmf-dist/tex/latex/base/fontenc.sty
Package: fontenc 2020/08/10 v2.0s Standard LaTeX package
) (/Users/juliasilge/Library/TinyTeX/texmf-dist/tex/latex/fontspec/fontspec.cfg
))) (/Users/juliasilge/Library/TinyTeX/texmf-dist/tex/latex/base/fix-cm.sty
Package: fix-cm 2015/01/14 v1.1t fixes to LaTeX
(/Users/juliasilge/Library/TinyTeX/texmf-dist/tex/latex/base/ts1enc.def
File: ts1enc.def 2001/06/05 v3.0e (jk/car/fm) Standard LaTeX file
LaTeX Font Info:    Redeclaring font encoding TS1 on input line 47.
))
\g__um_fam_int=\count282
\g__um_fonts_used_int=\count283
\l__um_primecount_int=\count284
\g__um_primekern_muskip=\muskip17

(/Users/juliasilge/Library/TinyTeX/texmf-dist/tex/latex/unicode-math/unicode-ma
th-table.tex)))

Package fontspec Info: Source Code Pro scale = 0.8979127327751181.


Package fontspec Info: Source Code Pro scale = 0.8979127327751181.


Package fontspec Info: Source Code Pro/B scale = 0.8979127327751181.


Package fontspec Info: Source Code Pro/I scale = 0.8979127327751181.


Package fontspec Info: Source Code Pro/BI scale = 0.8979127327751181.


Package fontspec Info: Font family 'SourceCodePro(0)' created for font 'Source
(fontspec)             Code Pro' with options
(fontspec)             [Scale=MatchLowercase,WordSpace={1,0,0},HyphenChar=None,
PunctuationSpace=WordSpace,Scale=0.7].
(fontspec)              
(fontspec)              This font family consists of the following NFSS
(fontspec)             series/shapes:
(fontspec)              
(fontspec)             - 'normal' (m/n) with NFSS spec.: <->s*[0.7]"Source
(fontspec)             Code Pro/OT:script=latn;language=dflt;"
(fontspec)             - 'small caps'  (m/sc) with NFSS spec.: 
(fontspec)             and font adjustment code:
(fontspec)             \fontdimen 2\font =1\fontdimen 2\font \fontdimen 3\font
(fontspec)             =0\fontdimen 3\font \fontdimen 4\font =0\fontdimen
(fontspec)             4\font \fontdimen 7\font =0\fontdimen 2\font
(fontspec)             \tex_hyphenchar:D \font =-1\scan_stop: 
(fontspec)             - 'bold' (b/n) with NFSS spec.: <->s*[0.7]"Source Code
(fontspec)             Pro/B/OT:script=latn;language=dflt;"
(fontspec)             - 'bold small caps'  (b/sc) with NFSS spec.: 
(fontspec)             and font adjustment code:
(fontspec)             \fontdimen 2\font =1\fontdimen 2\font \fontdimen 3\font
(fontspec)             =0\fontdimen 3\font \fontdimen 4\font =0\fontdimen
(fontspec)             4\font \fontdimen 7\font =0\fontdimen 2\font
(fontspec)             \tex_hyphenchar:D \font =-1\scan_stop: 
(fontspec)             - 'italic' (m/it) with NFSS spec.: <->s*[0.7]"Source
(fontspec)             Code Pro/I/OT:script=latn;language=dflt;"
(fontspec)             - 'italic small caps'  (m/scit) with NFSS spec.: 
(fontspec)             and font adjustment code:
(fontspec)             \fontdimen 2\font =1\fontdimen 2\font \fontdimen 3\font
(fontspec)             =0\fontdimen 3\font \fontdimen 4\font =0\fontdimen
(fontspec)             4\font \fontdimen 7\font =0\fontdimen 2\font
(fontspec)             \tex_hyphenchar:D \font =-1\scan_stop: 
(fontspec)             - 'bold italic' (b/it) with NFSS spec.:
(fontspec)             <->s*[0.7]"Source Code
(fontspec)             Pro/BI/OT:script=latn;language=dflt;"
(fontspec)             - 'bold italic small caps'  (b/scit) with NFSS spec.: 
(fontspec)             and font adjustment code:
(fontspec)             \fontdimen 2\font =1\fontdimen 2\font \fontdimen 3\font
(fontspec)             =0\fontdimen 3\font \fontdimen 4\font =0\fontdimen
(fontspec)             4\font \fontdimen 7\font =0\fontdimen 2\font
(fontspec)             \tex_hyphenchar:D \font =-1\scan_stop: 


Package fontspec Info: Source Code Pro scale = 0.8979127327751181.


Package fontspec Info: Source Code Pro scale = 0.8979127327751181.


Package fontspec Info: Source Code Pro/B scale = 0.8979127327751181.


Package fontspec Info: Source Code Pro/I scale = 0.8979127327751181.


Package fontspec Info: Source Code Pro/BI scale = 0.8979127327751181.


Package fontspec Info: Font family 'SourceCodePro(1)' created for font 'Source
(fontspec)             Code Pro' with options
(fontspec)             [Scale=MatchLowercase,Scale=0.7].
(fontspec)              
(fontspec)              This font family consists of the following NFSS
(fontspec)             series/shapes:
(fontspec)              
(fontspec)             - 'normal' (m/n) with NFSS spec.: <->s*[0.7]"Source
(fontspec)             Code Pro/OT:script=latn;language=dflt;"
(fontspec)             - 'small caps'  (m/sc) with NFSS spec.: 
(fontspec)             - 'bold' (b/n) with NFSS spec.: <->s*[0.7]"Source Code
(fontspec)             Pro/B/OT:script=latn;language=dflt;"
(fontspec)             - 'bold small caps'  (b/sc) with NFSS spec.: 
(fontspec)             - 'italic' (m/it) with NFSS spec.: <->s*[0.7]"Source
(fontspec)             Code Pro/I/OT:script=latn;language=dflt;"
(fontspec)             - 'italic small caps'  (m/scit) with NFSS spec.: 
(fontspec)             - 'bold italic' (b/it) with NFSS spec.:
(fontspec)             <->s*[0.7]"Source Code
(fontspec)             Pro/BI/OT:script=latn;language=dflt;"
(fontspec)             - 'bold italic small caps'  (b/scit) with NFSS spec.: 

LaTeX Font Info:    Overwriting math alphabet `\mathtt' in version `normal'
(Font)                  OT1/lmtt/m/n --> TU/SourceCodePro(1)/m/n on input line 
20.
LaTeX Font Info:    Overwriting math alphabet `\mathtt' in version `bold'
(Font)                  OT1/lmtt/m/n --> TU/SourceCodePro(1)/bx/n on input line
 20.
(/Users/juliasilge/Library/TinyTeX/texmf-dist/tex/latex/xcolor/xcolor.sty
Package: xcolor 2016/05/11 v2.12 LaTeX color extensions (UK)
(/Users/juliasilge/Library/TinyTeX/texmf-dist/tex/latex/graphics-cfg/color.cfg
File: color.cfg 2016/01/02 v1.6 sample color configuration
)
Package xcolor Info: Driver file: xetex.def on input line 225.
(/Users/juliasilge/Library/TinyTeX/texmf-dist/tex/latex/graphics-def/xetex.def
File: xetex.def 2021/03/18 v5.0k Graphics/color driver for xetex
)
Package xcolor Info: Model `cmy' substituted by `cmy0' on input line 1348.
Package xcolor Info: Model `RGB' extended on input line 1364.
Package xcolor Info: Model `HTML' substituted by `rgb' on input line 1366.
Package xcolor Info: Model `Hsb' substituted by `hsb' on input line 1367.
Package xcolor Info: Model `tHsb' substituted by `hsb' on input line 1368.
Package xcolor Info: Model `HSB' substituted by `hsb' on input line 1369.
Package xcolor Info: Model `Gray' substituted by `gray' on input line 1370.
Package xcolor Info: Model `wave' substituted by `hsb' on input line 1371.
(/Users/juliasilge/Library/TinyTeX/texmf-dist/tex/latex/graphics/dvipsnam.def
File: dvipsnam.def 2016/06/17 v3.0m Driver-dependent file (DPC,SPQR)
) (/Users/juliasilge/Library/TinyTeX/texmf-dist/tex/latex/xcolor/svgnam.def
File: svgnam.def 2016/05/11 v2.12 Predefined colors according to SVG 1.1 (UK)
) (/Users/juliasilge/Library/TinyTeX/texmf-dist/tex/latex/xcolor/x11nam.def
File: x11nam.def 2016/05/11 v2.12 Predefined colors according to Unix/X11 (UK)
)) (/Users/juliasilge/Library/TinyTeX/texmf-dist/tex/latex/hyperref/hyperref.st
y
Package: hyperref 2021-02-27 v7.00k Hypertext links for LaTeX
(/Users/juliasilge/Library/TinyTeX/texmf-dist/tex/generic/ltxcmds/ltxcmds.sty
Package: ltxcmds 2020-05-10 v1.25 LaTeX kernel commands for general use (HO)
)
(/Users/juliasilge/Library/TinyTeX/texmf-dist/tex/generic/pdftexcmds/pdftexcmds
.sty
Package: pdftexcmds 2020-06-27 v0.33 Utility functions of pdfTeX for LuaTeX (HO
)

(/Users/juliasilge/Library/TinyTeX/texmf-dist/tex/generic/infwarerr/infwarerr.s
ty
Package: infwarerr 2019/12/03 v1.5 Providing info/warning/error messages (HO)
)
Package pdftexcmds Info: \pdf@primitive is available.
Package pdftexcmds Info: \pdf@ifprimitive is available.
Package pdftexcmds Info: \pdfdraftmode not found.
) (/Users/juliasilge/Library/TinyTeX/texmf-dist/tex/latex/graphics/keyval.sty
Package: keyval 2014/10/28 v1.15 key=value parser (DPC)
\KV@toks@=\toks20
)
(/Users/juliasilge/Library/TinyTeX/texmf-dist/tex/generic/kvsetkeys/kvsetkeys.s
ty
Package: kvsetkeys 2019/12/15 v1.18 Key value parser (HO)
)
(/Users/juliasilge/Library/TinyTeX/texmf-dist/tex/generic/kvdefinekeys/kvdefine
keys.sty
Package: kvdefinekeys 2019-12-19 v1.6 Define keys (HO)
)
(/Users/juliasilge/Library/TinyTeX/texmf-dist/tex/generic/pdfescape/pdfescape.s
ty
Package: pdfescape 2019/12/09 v1.15 Implements pdfTeX's escape features (HO)
) (/Users/juliasilge/Library/TinyTeX/texmf-dist/tex/latex/hycolor/hycolor.sty
Package: hycolor 2020-01-27 v1.10 Color options for hyperref/bookmark (HO)
)
(/Users/juliasilge/Library/TinyTeX/texmf-dist/tex/latex/letltxmacro/letltxmacro
.sty
Package: letltxmacro 2019/12/03 v1.6 Let assignment for LaTeX macros (HO)
) (/Users/juliasilge/Library/TinyTeX/texmf-dist/tex/latex/auxhook/auxhook.sty
Package: auxhook 2019-12-17 v1.6 Hooks for auxiliary files (HO)
)
(/Users/juliasilge/Library/TinyTeX/texmf-dist/tex/latex/kvoptions/kvoptions.sty
Package: kvoptions 2020-10-07 v3.14 Key value format for package options (HO)
)
\@linkdim=\dimen173
\Hy@linkcounter=\count285
\Hy@pagecounter=\count286
(/Users/juliasilge/Library/TinyTeX/texmf-dist/tex/latex/hyperref/pd1enc.def
File: pd1enc.def 2021-02-27 v7.00k Hyperref: PDFDocEncoding definition (HO)
)
(/Users/juliasilge/Library/TinyTeX/texmf-dist/tex/latex/hyperref/hyperref-langp
atches.def
File: hyperref-langpatches.def 2021-02-27 v7.00k Hyperref: patches for babel la
nguages
) (/Users/juliasilge/Library/TinyTeX/texmf-dist/tex/generic/intcalc/intcalc.sty
Package: intcalc 2019/12/15 v1.3 Expandable calculations with integers (HO)
)
(/Users/juliasilge/Library/TinyTeX/texmf-dist/tex/generic/etexcmds/etexcmds.sty
Package: etexcmds 2019/12/15 v1.7 Avoid name clashes with e-TeX commands (HO)
)
\Hy@SavedSpaceFactor=\count287
(/Users/juliasilge/Library/TinyTeX/texmf-dist/tex/latex/hyperref/puenc.def
File: puenc.def 2021-02-27 v7.00k Hyperref: PDF Unicode definition (HO)
)
Package hyperref Info: Option `unicode' set `true' on input line 4073.
Package hyperref Info: Hyper figures OFF on input line 4192.
Package hyperref Info: Link nesting OFF on input line 4197.
Package hyperref Info: Hyper index ON on input line 4200.
Package hyperref Info: Plain pages OFF on input line 4207.
Package hyperref Info: Backreferencing OFF on input line 4212.
Package hyperref Info: Implicit mode ON; LaTeX internals redefined.
Package hyperref Info: Bookmarks ON on input line 4445.
\c@Hy@tempcnt=\count288
(/Users/juliasilge/Library/TinyTeX/texmf-dist/tex/latex/url/url.sty
\Urlmuskip=\muskip18
Package: url 2013/09/16  ver 3.4  Verb mode for urls, etc.
)
LaTeX Info: Redefining \url on input line 4804.
\XeTeXLinkMargin=\dimen174
(/Users/juliasilge/Library/TinyTeX/texmf-dist/tex/generic/bitset/bitset.sty
Package: bitset 2019/12/09 v1.3 Handle bit-vector datatype (HO)

(/Users/juliasilge/Library/TinyTeX/texmf-dist/tex/generic/bigintcalc/bigintcalc
.sty
Package: bigintcalc 2019/12/15 v1.5 Expandable calculations on big integers (HO
)
))
\Fld@menulength=\count289
\Field@Width=\dimen175
\Fld@charsize=\dimen176
Package hyperref Info: Hyper figures OFF on input line 6075.
Package hyperref Info: Link nesting OFF on input line 6080.
Package hyperref Info: Hyper index ON on input line 6083.
Package hyperref Info: backreferencing OFF on input line 6090.
Package hyperref Info: Link coloring OFF on input line 6095.
Package hyperref Info: Link coloring with OCG OFF on input line 6100.
Package hyperref Info: PDF/A mode OFF on input line 6105.
LaTeX Info: Redefining \ref on input line 6145.
LaTeX Info: Redefining \pageref on input line 6149.
(/Users/juliasilge/Library/TinyTeX/texmf-dist/tex/latex/base/atbegshi-ltx.sty
Package: atbegshi-ltx 2020/08/17 v1.0a Emulation of the original atbegshi packa
ge
with kernel methods
)
\Hy@abspage=\count290
\c@Item=\count291
\c@Hfootnote=\count292
)
Package hyperref Info: Driver (autodetected): hxetex.
(/Users/juliasilge/Library/TinyTeX/texmf-dist/tex/latex/hyperref/hxetex.def
File: hxetex.def 2021-02-27 v7.00k Hyperref driver for XeTeX

(/Users/juliasilge/Library/TinyTeX/texmf-dist/tex/generic/stringenc/stringenc.s
ty
Package: stringenc 2019/11/29 v1.12 Convert strings between diff. encodings (HO
)
)
\pdfm@box=\box75
\c@Hy@AnnotLevel=\count293
\HyField@AnnotCount=\count294
\Fld@listcount=\count295
\c@bookmark@seq@number=\count296

(/Users/juliasilge/Library/TinyTeX/texmf-dist/tex/latex/rerunfilecheck/rerunfil
echeck.sty
Package: rerunfilecheck 2019/12/05 v1.9 Rerun checks for auxiliary files (HO)
(/Users/juliasilge/Library/TinyTeX/texmf-dist/tex/latex/base/atveryend-ltx.sty
Package: atveryend-ltx 2020/08/19 v1.0a Emulation of the original atvery packag
e
with kernel methods
)
(/Users/juliasilge/Library/TinyTeX/texmf-dist/tex/generic/uniquecounter/uniquec
ounter.sty
Package: uniquecounter 2019/12/15 v1.4 Provide unlimited unique counter (HO)
)
Package uniquecounter Info: New unique counter `rerunfilecheck' on input line 2
86.
)
\Hy@SectionHShift=\skip80
)
Package hyperref Info: Option `colorlinks' set `true' on input line 48.
(/Users/juliasilge/Library/TinyTeX/texmf-dist/tex/latex/fancyvrb/fancyvrb.sty
Package: fancyvrb 2021/01/20 v3.7 verbatim text (tvz,hv)
\FV@CodeLineNo=\count297
\FV@InFile=\read2
\FV@TabBox=\box76
\c@FancyVerbLine=\count298
\FV@StepNumber=\count299
\FV@OutFile=\write3
) (/Users/juliasilge/Library/TinyTeX/texmf-dist/tex/latex/framed/framed.sty
Package: framed 2011/10/22 v 0.96: framed or shaded text with page breaks
\OuterFrameSep=\skip81
\fb@frw=\dimen177
\fb@frh=\dimen178
\FrameRule=\dimen179
\FrameSep=\dimen180
) (/Users/juliasilge/Library/TinyTeX/texmf-dist/tex/latex/tools/longtable.sty
Package: longtable 2020/01/07 v4.13 Multi-page Table package (DPC)
\LTleft=\skip82
\LTright=\skip83
\LTpre=\skip84
\LTpost=\skip85
\LTchunksize=\count300
\LTcapwidth=\dimen181
\LT@head=\box77
\LT@firsthead=\box78
\LT@foot=\box79
\LT@lastfoot=\box80
\LT@cols=\count301
\LT@rows=\count302
\c@LT@tables=\count303
\c@LT@chunks=\count304
\LT@p@ftn=\toks21
) (/Users/juliasilge/Library/TinyTeX/texmf-dist/tex/latex/booktabs/booktabs.sty
Package: booktabs 2020/01/12 v1.61803398 Publication quality tables
\heavyrulewidth=\dimen182
\lightrulewidth=\dimen183
\cmidrulewidth=\dimen184
\belowrulesep=\dimen185
\belowbottomsep=\dimen186
\aboverulesep=\dimen187
\abovetopsep=\dimen188
\cmidrulesep=\dimen189
\cmidrulekern=\dimen190
\defaultaddspace=\dimen191
\@cmidla=\count305
\@cmidlb=\count306
\@aboverulesep=\dimen192
\@belowrulesep=\dimen193
\@thisruleclass=\count307
\@lastruleclass=\count308
\@thisrulewidth=\dimen194
) (/Users/juliasilge/Library/TinyTeX/texmf-dist/tex/latex/tools/array.sty
Package: array 2020/10/01 v2.5c Tabular extension package (FMi)
\col@sep=\dimen195
\ar@mcellbox=\box81
\extrarowheight=\dimen196
\NC@list=\toks22
\extratabsurround=\skip86
\backup@length=\skip87
\ar@cellbox=\box82
) (/Users/juliasilge/Library/TinyTeX/texmf-dist/tex/latex/tools/calc.sty
Package: calc 2017/05/25 v4.3 Infix arithmetic (KKT,FJ)
\calc@Acount=\count309
\calc@Bcount=\count310
\calc@Adimen=\dimen197
\calc@Bdimen=\dimen198
\calc@Askip=\skip88
\calc@Bskip=\skip89
LaTeX Info: Redefining \setlength on input line 80.
LaTeX Info: Redefining \addtolength on input line 81.
\calc@Ccount=\count311
\calc@Cskip=\skip90
) (/Users/juliasilge/Library/TinyTeX/texmf-dist/tex/latex/etoolbox/etoolbox.sty
Package: etoolbox 2020/10/05 v2.5k e-TeX tools for LaTeX (JAW)
\etb@tempcnta=\count312
) (/Users/juliasilge/Library/TinyTeX/texmf-dist/tex/latex/mdwtools/footnote.sty
Package: footnote 1997/01/28 1.13 Save footnotes around boxes
\fn@notes=\box83
\fn@width=\dimen199
) (/Users/juliasilge/Library/TinyTeX/texmf-dist/tex/latex/graphics/graphicx.sty
Package: graphicx 2020/09/09 v1.2b Enhanced LaTeX Graphics (DPC,SPQR)
(/Users/juliasilge/Library/TinyTeX/texmf-dist/tex/latex/graphics/graphics.sty
Package: graphics 2020/08/30 v1.4c Standard LaTeX Graphics (DPC,SPQR)
(/Users/juliasilge/Library/TinyTeX/texmf-dist/tex/latex/graphics/trig.sty
Package: trig 2016/01/03 v1.10 sin cos tan (DPC)
)
(/Users/juliasilge/Library/TinyTeX/texmf-dist/tex/latex/graphics-cfg/graphics.c
fg
File: graphics.cfg 2016/06/04 v1.11 sample graphics configuration
)
Package graphics Info: Driver file: xetex.def on input line 105.
)
\Gin@req@height=\dimen256
\Gin@req@width=\dimen257
)
LaTeX Info: Redefining \href on input line 114.
(/Users/juliasilge/Library/TinyTeX/texmf-dist/tex/latex/caption/caption.sty
Package: caption 2020/10/26 v3.5g Customizing captions (AR)
(/Users/juliasilge/Library/TinyTeX/texmf-dist/tex/latex/caption/caption3.sty
Package: caption3 2020/10/21 v2.2e caption3 kernel (AR)
\captionmargin=\dimen258
\captionmargin@=\dimen259
\captionwidth=\dimen260
\caption@tempdima=\dimen261
\caption@indent=\dimen262
\caption@parindent=\dimen263
\caption@hangindent=\dimen264
Package caption Info: Unknown document class (or package),
(caption)             standard defaults will be used.
Package caption Info: \@makecaption = \long macro:#1#2->\vskip \abovecaptionski
p \sbox \@tempboxa {#1: #2}\ifdim \wd \@tempboxa >\hsize {\FigCapFont #1} #2\pa
r \else \global \@minipagefalse {\FigCapFont #1} #2\par \fi \vskip \belowcaptio
nskip  on input line 1139.
)

Package caption Warning: Unknown document class (or package),
(caption)                standard defaults will be used.
See the caption package documentation for explanation.

\c@caption@flags=\count313
\c@continuedfloat=\count314
Package caption Info: hyperref package is loaded.
Package caption Info: longtable package is loaded.
(/Users/juliasilge/Library/TinyTeX/texmf-dist/tex/latex/caption/ltcaption.sty
Package: ltcaption 2020/05/30 v1.4b longtable captions (AR)
)) (/Users/juliasilge/Library/TinyTeX/texmf-dist/tex/latex/enumitem/enumitem.st
y
Package: enumitem 2019/06/20 v3.9 Customized lists
\labelindent=\skip91
\enit@outerparindent=\dimen265
\enit@toks=\toks23
\enit@inbox=\box84
\enit@count@id=\count315
\enitdp@description=\count316
) (/Users/juliasilge/Library/TinyTeX/texmf-dist/tex/latex/base/makeidx.sty
Package: makeidx 2014/09/29 v1.0m Standard LaTeX package
)
\@indexfile=\write4
\openout4 = `bookdown.idx'.

Writing index file bookdown.idx
(/Users/juliasilge/Library/TinyTeX/texmf-dist/tex/xelatex/xecjk/xeCJK.sty
Package: xeCJK 2020/10/19 v3.8.6 Typesetting CJK scripts with XeLaTeX

(/Users/juliasilge/Library/TinyTeX/texmf-dist/tex/latex/l3packages/xtemplate/xt
emplate.sty
Package: xtemplate 2021-03-12 L3 Experimental prototype document functions
\l__xtemplate_tmp_dim=\dimen266
\l__xtemplate_tmp_int=\count317
\l__xtemplate_tmp_muskip=\muskip19
\l__xtemplate_tmp_skip=\skip92
)
\l__xeCJK_tmp_int=\count318
\l__xeCJK_tmp_box=\box85
\l__xeCJK_tmp_dim=\dimen267
\l__xeCJK_tmp_skip=\skip93
(/Users/juliasilge/Library/TinyTeX/texmf-dist/tex/latex/ctex/ctexhook.sty
Package: ctexhook 2021/03/14 v2.5.6 Document and package hooks (CTEX)
)
\g__xeCJK_space_factor_int=\count319
\l__xeCJK_begin_int=\count320
\l__xeCJK_end_int=\count321
\c__xeCJK_CJK_class_int=\XeTeXcharclass1
\c__xeCJK_FullLeft_class_int=\XeTeXcharclass2
\c__xeCJK_FullRight_class_int=\XeTeXcharclass3
\c__xeCJK_HalfLeft_class_int=\XeTeXcharclass4
\c__xeCJK_HalfRight_class_int=\XeTeXcharclass5
\c__xeCJK_NormalSpace_class_int=\XeTeXcharclass6
\c__xeCJK_CM_class_int=\XeTeXcharclass7
\c__xeCJK_HangulJamo_class_int=\XeTeXcharclass8
\l__xeCJK_last_skip=\skip94
\g__xeCJK_node_int=\count322
\c__xeCJK_CJK_node_dim=\dimen268
\c__xeCJK_CJK-space_node_dim=\dimen269
\c__xeCJK_default_node_dim=\dimen270
\c__xeCJK_default-space_node_dim=\dimen271
\c__xeCJK_CJK-widow_node_dim=\dimen272
\c__xeCJK_normalspace_node_dim=\dimen273
\l__xeCJK_ccglue_skip=\skip95
\l__xeCJK_ecglue_skip=\skip96
\l__xeCJK_punct_kern_skip=\skip97
\l__xeCJK_last_penalty_int=\count323
\l__xeCJK_last_bound_dim=\dimen274
\l__xeCJK_last_kern_dim=\dimen275
\l__xeCJK_widow_penalty_int=\count324

Package xtemplate Info: Declaring object type 'xeCJK/punctuation' taking 0
(xtemplate)             argument(s) on line 2341.

\l__xeCJK_fixed_punct_width_dim=\dimen276
\l__xeCJK_mixed_punct_width_dim=\dimen277
\l__xeCJK_middle_punct_width_dim=\dimen278
\l__xeCJK_fixed_margin_width_dim=\dimen279
\l__xeCJK_mixed_margin_width_dim=\dimen280
\l__xeCJK_middle_margin_width_dim=\dimen281
\l__xeCJK_bound_punct_width_dim=\dimen282
\l__xeCJK_bound_margin_width_dim=\dimen283
\l__xeCJK_margin_minimum_dim=\dimen284
\l__xeCJK_kerning_total_width_dim=\dimen285
\l__xeCJK_same_align_margin_dim=\dimen286
\l__xeCJK_different_align_margin_dim=\dimen287
\l__xeCJK_kerning_margin_width_dim=\dimen288
\l__xeCJK_kerning_margin_minimum_dim=\dimen289
\l__xeCJK_bound_dim=\dimen290
\l__xeCJK_reverse_bound_dim=\dimen291
\l__xeCJK_margin_dim=\dimen292
\l__xeCJK_minimum_bound_dim=\dimen293
\l__xeCJK_kerning_margin_dim=\dimen294
\g__xeCJK_family_int=\count325
\l__xeCJK_fam_int=\count326
\g__xeCJK_fam_allocation_int=\count327
\l__xeCJK_verb_case_int=\count328
\l__xeCJK_verb_exspace_skip=\skip98
(/Users/juliasilge/Library/TinyTeX/texmf-dist/tex/xelatex/xecjk/xeCJK.cfg
File: xeCJK.cfg 2020/10/19 v3.8.6 Configuration file for xeCJK package
)) (/Users/juliasilge/Library/TinyTeX/texmf-dist/tex/latex/amscls/amsthm.sty
Package: amsthm 2020/05/29 v2.20.6
\thm@style=\toks24
\thm@bodyfont=\toks25
\thm@headfont=\toks26
\thm@notefont=\toks27
\thm@headpunct=\toks28
\thm@preskip=\skip99
\thm@postskip=\skip100
\thm@headsep=\skip101
\dth@everypar=\toks29
) (/Users/juliasilge/Library/TinyTeX/texmf-dist/tex/latex/natbib/natbib.sty
Package: natbib 2010/09/13 8.31b (PWD, AO)
\bibhang=\skip102
\bibsep=\skip103
LaTeX Info: Redefining \cite on input line 694.
\c@NAT@ctr=\count329
)

Package xeCJK Warning: Fandol is being set as the default font for CJK text.
(xeCJK)                Please make sure it has been properly installed.


Package fontspec Warning: Font "FandolSong-Regular" does not contain requested
(fontspec)                Script "CJK".


Package fontspec Info: FandolSong-Regular scale = 0.9999964596882403.


Package fontspec Info: FandolSong-Regular scale = 0.9999964596882403.


Package fontspec Info: FandolSong-Bold scale = 0.9707163010643308.


Package fontspec Info: FandolKai-Regular scale = 0.9751096074843788.


Package fontspec Info: Font family 'FandolSong-Regular(0)' created for font
(fontspec)             'FandolSong-Regular' with options
(fontspec)             [Scale=MatchLowercase,Script={CJK},Extension={.otf},Bold
Font={FandolSong-Bold},ItalicFont={FandolKai-Regular}].
(fontspec)              
(fontspec)              This font family consists of the following NFSS
(fontspec)             series/shapes:
(fontspec)              
(fontspec)             - 'normal' (m/n) with NFSS spec.:
(fontspec)             <->s*[0.9999964596882403]"[FandolSong-Regular.otf]/OT:la
nguage=dflt;"
(fontspec)             - 'small caps'  (m/sc) with NFSS spec.: 
(fontspec)             - 'bold' (b/n) with NFSS spec.:
(fontspec)             <->s*[0.9707163010643308]"[FandolSong-Bold.otf]/OT:langu
age=dflt;"
(fontspec)             - 'bold small caps'  (b/sc) with NFSS spec.: 
(fontspec)             - 'italic' (m/it) with NFSS spec.:
(fontspec)             <->s*[0.9751096074843788]"[FandolKai-Regular.otf]/OT:lan
guage=dflt;"
(fontspec)             - 'italic small caps'  (m/scit) with NFSS spec.: 

(./bookdown.aux)
\openout1 = `bookdown.aux'.

LaTeX Font Info:    Checking defaults for OML/cmm/m/it on input line 227.
LaTeX Font Info:    ... okay on input line 227.
LaTeX Font Info:    Checking defaults for OMS/cmsy/m/n on input line 227.
LaTeX Font Info:    ... okay on input line 227.
LaTeX Font Info:    Checking defaults for OT1/cmr/m/n on input line 227.
LaTeX Font Info:    ... okay on input line 227.
LaTeX Font Info:    Checking defaults for T1/cmr/m/n on input line 227.
LaTeX Font Info:    ... okay on input line 227.
LaTeX Font Info:    Checking defaults for TS1/cmr/m/n on input line 227.
LaTeX Font Info:    ... okay on input line 227.
LaTeX Font Info:    Checking defaults for TU/lmr/m/n on input line 227.
LaTeX Font Info:    ... okay on input line 227.
LaTeX Font Info:    Checking defaults for OMX/cmex/m/n on input line 227.
LaTeX Font Info:    ... okay on input line 227.
LaTeX Font Info:    Checking defaults for U/cmr/m/n on input line 227.
LaTeX Font Info:    ... okay on input line 227.
LaTeX Font Info:    Checking defaults for PD1/pdf/m/n on input line 227.
LaTeX Font Info:    ... okay on input line 227.
LaTeX Font Info:    Checking defaults for PU/pdf/m/n on input line 227.
LaTeX Font Info:    ... okay on input line 227.
LaTeX Font Info:    Overwriting math alphabet `\mathrm' in version `normal'
(Font)                  OT1/lmr/m/n --> TU/lmr/m/n on input line 227.
LaTeX Font Info:    Overwriting math alphabet `\mathit' in version `normal'
(Font)                  OT1/lmr/m/it --> TU/lmr/m/it on input line 227.
LaTeX Font Info:    Overwriting math alphabet `\mathbf' in version `normal'
(Font)                  OT1/lmr/bx/n --> TU/lmr/bx/n on input line 227.
LaTeX Font Info:    Overwriting math alphabet `\mathsf' in version `normal'
(Font)                  OT1/lmss/m/n --> TU/lmss/m/n on input line 227.
LaTeX Font Info:    Overwriting math alphabet `\mathsf' in version `bold'
(Font)                  OT1/lmss/bx/n --> TU/lmss/bx/n on input line 227.

Package fontspec Info: latinmodern-math scale = 0.9999964596882403.


Package fontspec Info: latinmodern-math scale = 0.9999964596882403.


Package fontspec Info: latinmodern-math scale = 0.9999964596882403.


Package fontspec Info: Font family 'latinmodern-math.otf(0)' created for font
(fontspec)             'latinmodern-math.otf' with options
(fontspec)             [Scale=MatchLowercase,BoldItalicFont={},ItalicFont={},Sm
allCapsFont={},Script=Math,BoldFont={latinmodern-math.otf}].
(fontspec)              
(fontspec)              This font family consists of the following NFSS
(fontspec)             series/shapes:
(fontspec)              
(fontspec)             - 'normal' (m/n) with NFSS spec.:
(fontspec)             <->s*[0.9999964596882403]"[latinmodern-math.otf]/OT:scri
pt=math;language=dflt;"
(fontspec)             - 'small caps'  (m/sc) with NFSS spec.: 
(fontspec)             - 'bold' (b/n) with NFSS spec.:
(fontspec)             <->s*[0.9999964596882403]"[latinmodern-math.otf]/OT:scri
pt=math;language=dflt;"
(fontspec)             - 'bold small caps'  (b/sc) with NFSS spec.: 

LaTeX Font Info:    Font shape `TU/latinmodern-math.otf(0)/m/n' will be
(Font)              scaled to size 10.0pt on input line 227.

Package fontspec Info: latinmodern-math scale = 0.9999964596882403.


Package fontspec Info: latinmodern-math scale = 0.9999964596882403.


Package fontspec Info: latinmodern-math scale = 0.9999964596882403.


Package fontspec Info: latinmodern-math scale = 0.9999964596882403.


Package fontspec Info: latinmodern-math scale = 0.9999964596882403.


Package fontspec Info: Font family 'latinmodern-math.otf(1)' created for font
(fontspec)             'latinmodern-math.otf' with options
(fontspec)             [Scale=MatchLowercase,BoldItalicFont={},ItalicFont={},Sm
allCapsFont={},Script=Math,SizeFeatures={{Size=8.5-},{Size=6-8.5,Font=latinmode
rn-math.otf,Style=MathScript},{Size=-6,Font=latinmodern-math.otf,Style=MathScri
ptScript}},BoldFont={latinmodern-math.otf}].
(fontspec)              
(fontspec)              This font family consists of the following NFSS
(fontspec)             series/shapes:
(fontspec)              
(fontspec)             - 'normal' (m/n) with NFSS spec.:
(fontspec)             <8.5->s*[0.9999964596882403]"[latinmodern-math.otf]/OT:s
cript=math;language=dflt;"<6-8.5>s*[0.9999964596882403]"[latinmodern-math.otf]/
OT:script=math;language=dflt;+ssty=0;"<-6>s*[0.9999964596882403]"[latinmodern-m
ath.otf]/OT:script=math;language=dflt;+ssty=1;"
(fontspec)             - 'small caps'  (m/sc) with NFSS spec.: 
(fontspec)             - 'bold' (b/n) with NFSS spec.:
(fontspec)             <->s*[0.9999964596882403]"[latinmodern-math.otf]/OT:scri
pt=math;language=dflt;"
(fontspec)             - 'bold small caps'  (b/sc) with NFSS spec.: 

LaTeX Font Info:    Font shape `TU/latinmodern-math.otf(1)/m/n' will be
(Font)              scaled to size 10.0pt on input line 227.
LaTeX Font Info:    Encoding `OT1' has changed to `TU' for symbol font
(Font)              `operators' in the math version `normal' on input line 227.

LaTeX Font Info:    Overwriting symbol font `operators' in version `normal'
(Font)                  OT1/lmr/m/n --> TU/latinmodern-math.otf(1)/m/n on input
 line 227.
LaTeX Font Info:    Encoding `OT1' has changed to `TU' for symbol font
(Font)              `operators' in the math version `bold' on input line 227.
LaTeX Font Info:    Overwriting symbol font `operators' in version `bold'
(Font)                  OT1/lmr/bx/n --> TU/latinmodern-math.otf(1)/b/n on inpu
t line 227.

Package fontspec Info: latinmodern-math scale = 0.9999964596882403.


Package fontspec Info: latinmodern-math scale = 1.000096459334209.


Package fontspec Info: latinmodern-math scale = 0.9999964596882403.


Package fontspec Info: latinmodern-math scale = 1.000096459334209.


Package fontspec Info: latinmodern-math scale = 0.9999964596882403.


Package fontspec Info: latinmodern-math scale = 1.000096459334209.


Package fontspec Info: latinmodern-math scale = 0.9999964596882403.


Package fontspec Info: latinmodern-math scale = 1.000096459334209.


Package fontspec Info: latinmodern-math scale = 0.9999964596882403.


Package fontspec Info: latinmodern-math scale = 1.000096459334209.


Package fontspec Info: Font family 'latinmodern-math.otf(2)' created for font
(fontspec)             'latinmodern-math.otf' with options
(fontspec)             [Scale=MatchLowercase,BoldItalicFont={},ItalicFont={},Sm
allCapsFont={},Script=Math,SizeFeatures={{Size=8.5-},{Size=6-8.5,Font=latinmode
rn-math.otf,Style=MathScript},{Size=-6,Font=latinmodern-math.otf,Style=MathScri
ptScript}},BoldFont={latinmodern-math.otf},ScaleAgain=1.0001,FontAdjustment={\f
ontdimen
(fontspec)             8\font =6.77pt\relax \fontdimen 9\font =3.94pt\relax
(fontspec)             \fontdimen 10\font =4.44pt\relax \fontdimen 11\font
(fontspec)             =6.86pt\relax \fontdimen 12\font =3.45pt\relax
(fontspec)             \fontdimen 13\font =3.63pt\relax \fontdimen 14\font
(fontspec)             =3.63pt\relax \fontdimen 15\font =2.89pt\relax
(fontspec)             \fontdimen 16\font =2.47pt\relax \fontdimen 17\font
(fontspec)             =2.47pt\relax \fontdimen 18\font =2.5pt\relax
(fontspec)             \fontdimen 19\font =2.0pt\relax \fontdimen 22\font
(fontspec)             =2.5pt\relax \fontdimen 20\font =0pt\relax \fontdimen
(fontspec)             21\font =0pt\relax }].
(fontspec)              
(fontspec)              This font family consists of the following NFSS
(fontspec)             series/shapes:
(fontspec)              
(fontspec)             - 'normal' (m/n) with NFSS spec.:
(fontspec)             <8.5->s*[1.000096459334209]"[latinmodern-math.otf]/OT:sc
ript=math;language=dflt;"<6-8.5>s*[1.000096459334209]"[latinmodern-math.otf]/OT
:script=math;language=dflt;+ssty=0;"<-6>s*[1.000096459334209]"[latinmodern-math
.otf]/OT:script=math;language=dflt;+ssty=1;"
(fontspec)             - 'small caps'  (m/sc) with NFSS spec.: 
(fontspec)             and font adjustment code:
(fontspec)             \fontdimen 8\font =6.77pt\relax \fontdimen 9\font
(fontspec)             =3.94pt\relax \fontdimen 10\font =4.44pt\relax
(fontspec)             \fontdimen 11\font =6.86pt\relax \fontdimen 12\font
(fontspec)             =3.45pt\relax \fontdimen 13\font =3.63pt\relax
(fontspec)             \fontdimen 14\font =3.63pt\relax \fontdimen 15\font
(fontspec)             =2.89pt\relax \fontdimen 16\font =2.47pt\relax
(fontspec)             \fontdimen 17\font =2.47pt\relax \fontdimen 18\font
(fontspec)             =2.5pt\relax \fontdimen 19\font =2.0pt\relax \fontdimen
(fontspec)             22\font =2.5pt\relax \fontdimen 20\font =0pt\relax
(fontspec)             \fontdimen 21\font =0pt\relax 
(fontspec)             - 'bold' (b/n) with NFSS spec.:
(fontspec)             <->s*[1.000096459334209]"[latinmodern-math.otf]/OT:scrip
t=math;language=dflt;"
(fontspec)             - 'bold small caps'  (b/sc) with NFSS spec.: 
(fontspec)             and font adjustment code:
(fontspec)             \fontdimen 8\font =6.77pt\relax \fontdimen 9\font
(fontspec)             =3.94pt\relax \fontdimen 10\font =4.44pt\relax
(fontspec)             \fontdimen 11\font =6.86pt\relax \fontdimen 12\font
(fontspec)             =3.45pt\relax \fontdimen 13\font =3.63pt\relax
(fontspec)             \fontdimen 14\font =3.63pt\relax \fontdimen 15\font
(fontspec)             =2.89pt\relax \fontdimen 16\font =2.47pt\relax
(fontspec)             \fontdimen 17\font =2.47pt\relax \fontdimen 18\font
(fontspec)             =2.5pt\relax \fontdimen 19\font =2.0pt\relax \fontdimen
(fontspec)             22\font =2.5pt\relax \fontdimen 20\font =0pt\relax
(fontspec)             \fontdimen 21\font =0pt\relax 

LaTeX Font Info:    Encoding `OMS' has changed to `TU' for symbol font
(Font)              `symbols' in the math version `normal' on input line 227.
LaTeX Font Info:    Overwriting symbol font `symbols' in version `normal'
(Font)                  OMS/lmsy/m/n --> TU/latinmodern-math.otf(2)/m/n on inpu
t line 227.
LaTeX Font Info:    Encoding `OMS' has changed to `TU' for symbol font
(Font)              `symbols' in the math version `bold' on input line 227.
LaTeX Font Info:    Overwriting symbol font `symbols' in version `bold'
(Font)                  OMS/lmsy/b/n --> TU/latinmodern-math.otf(2)/b/n on inpu
t line 227.

Package fontspec Info: latinmodern-math scale = 0.9999964596882403.


Package fontspec Info: latinmodern-math scale = 0.9998964600422715.


Package fontspec Info: latinmodern-math scale = 0.9999964596882403.


Package fontspec Info: latinmodern-math scale = 0.9998964600422715.


Package fontspec Info: latinmodern-math scale = 0.9999964596882403.


Package fontspec Info: latinmodern-math scale = 0.9998964600422715.


Package fontspec Info: latinmodern-math scale = 0.9999964596882403.


Package fontspec Info: latinmodern-math scale = 0.9998964600422715.


Package fontspec Info: latinmodern-math scale = 0.9999964596882403.


Package fontspec Info: latinmodern-math scale = 0.9998964600422715.


Package fontspec Info: Font family 'latinmodern-math.otf(3)' created for font
(fontspec)             'latinmodern-math.otf' with options
(fontspec)             [Scale=MatchLowercase,BoldItalicFont={},ItalicFont={},Sm
allCapsFont={},Script=Math,SizeFeatures={{Size=8.5-},{Size=6-8.5,Font=latinmode
rn-math.otf,Style=MathScript},{Size=-6,Font=latinmodern-math.otf,Style=MathScri
ptScript}},BoldFont={latinmodern-math.otf},ScaleAgain=0.9999,FontAdjustment={\f
ontdimen
(fontspec)             8\font =0.4pt\relax \fontdimen 9\font =2.0pt\relax
(fontspec)             \fontdimen 10\font =1.67pt\relax \fontdimen 11\font
(fontspec)             =1.11pt\relax \fontdimen 12\font =6.0pt\relax
(fontspec)             \fontdimen 13\font =0pt\relax }].
(fontspec)              
(fontspec)              This font family consists of the following NFSS
(fontspec)             series/shapes:
(fontspec)              
(fontspec)             - 'normal' (m/n) with NFSS spec.:
(fontspec)             <8.5->s*[0.9998964600422715]"[latinmodern-math.otf]/OT:s
cript=math;language=dflt;"<6-8.5>s*[0.9998964600422715]"[latinmodern-math.otf]/
OT:script=math;language=dflt;+ssty=0;"<-6>s*[0.9998964600422715]"[latinmodern-m
ath.otf]/OT:script=math;language=dflt;+ssty=1;"
(fontspec)             - 'small caps'  (m/sc) with NFSS spec.: 
(fontspec)             and font adjustment code:
(fontspec)             \fontdimen 8\font =0.4pt\relax \fontdimen 9\font
(fontspec)             =2.0pt\relax \fontdimen 10\font =1.67pt\relax
(fontspec)             \fontdimen 11\font =1.11pt\relax \fontdimen 12\font
(fontspec)             =6.0pt\relax \fontdimen 13\font =0pt\relax 
(fontspec)             - 'bold' (b/n) with NFSS spec.:
(fontspec)             <->s*[0.9998964600422715]"[latinmodern-math.otf]/OT:scri
pt=math;language=dflt;"
(fontspec)             - 'bold small caps'  (b/sc) with NFSS spec.: 
(fontspec)             and font adjustment code:
(fontspec)             \fontdimen 8\font =0.4pt\relax \fontdimen 9\font
(fontspec)             =2.0pt\relax \fontdimen 10\font =1.67pt\relax
(fontspec)             \fontdimen 11\font =1.11pt\relax \fontdimen 12\font
(fontspec)             =6.0pt\relax \fontdimen 13\font =0pt\relax 

LaTeX Font Info:    Encoding `OMX' has changed to `TU' for symbol font
(Font)              `largesymbols' in the math version `normal' on input line 2
27.
LaTeX Font Info:    Overwriting symbol font `largesymbols' in version `normal'
(Font)                  OMX/lmex/m/n --> TU/latinmodern-math.otf(3)/m/n on inpu
t line 227.
LaTeX Font Info:    Encoding `OMX' has changed to `TU' for symbol font
(Font)              `largesymbols' in the math version `bold' on input line 227
.
LaTeX Font Info:    Overwriting symbol font `largesymbols' in version `bold'
(Font)                  OMX/lmex/m/n --> TU/latinmodern-math.otf(3)/b/n on inpu
t line 227.
Package hyperref Info: Link coloring ON on input line 227.
(/Users/juliasilge/Library/TinyTeX/texmf-dist/tex/latex/hyperref/nameref.sty
Package: nameref 2021-04-02 v2.47 Cross-referencing by name of section
(/Users/juliasilge/Library/TinyTeX/texmf-dist/tex/latex/refcount/refcount.sty
Package: refcount 2019/12/15 v3.6 Data extraction from label references (HO)
)
(/Users/juliasilge/Library/TinyTeX/texmf-dist/tex/generic/gettitlestring/gettit
lestring.sty
Package: gettitlestring 2019/12/15 v1.6 Cleanup title references (HO)
)
\c@section@level=\count330
)
LaTeX Info: Redefining \ref on input line 227.
LaTeX Info: Redefining \pageref on input line 227.
LaTeX Info: Redefining \nameref on input line 227.
(./bookdown.out) (./bookdown.out)
\@outlinefile=\write5
\openout5 = `bookdown.out'.

Package caption Info: Begin \AtBeginDocument code.
Package caption Info: End \AtBeginDocument code.

Underfull \vbox (badness 10000) has occurred while \output is active []


Overfull \hbox (336.25pt too wide) has occurred while \output is active
[]
 []


Underfull \vbox (badness 10000) has occurred while \output is active []


Overfull \hbox (336.25pt too wide) has occurred while \output is active
[]
 []


Underfull \vbox (badness 10000) has occurred while \output is active []


Overfull \hbox (336.25pt too wide) has occurred while \output is active
[]
 []


Underfull \vbox (badness 10000) has occurred while \output is active []


Overfull \hbox (336.25pt too wide) has occurred while \output is active
[]
 []


Underfull \hbox (badness 10000) has occurred while \output is active
 [][][][] 
 []

[1



]
Underfull \vbox (badness 10000) has occurred while \output is active []


Overfull \hbox (336.25pt too wide) has occurred while \output is active
[]
 []


Underfull \vbox (badness 10000) has occurred while \output is active []


Overfull \hbox (336.25pt too wide) has occurred while \output is active
[]
 []


Underfull \vbox (badness 10000) has occurred while \output is active []


Overfull \hbox (336.25pt too wide) has occurred while \output is active
[]
 []


Underfull \vbox (badness 10000) has occurred while \output is active []


Overfull \hbox (336.25pt too wide) has occurred while \output is active
[]
 []


Underfull \hbox (badness 10000) has occurred while \output is active
 [][][][] 
 []

[2]
Underfull \vbox (badness 10000) detected at line 256
 []


Overfull \hbox (336.25pt too wide) detected at line 256
[]
 []


Underfull \vbox (badness 10000) detected at line 256
 []


Overfull \hbox (336.25pt too wide) detected at line 256
[]
 []


Underfull \vbox (badness 10000) detected at line 256
 []


Overfull \hbox (336.25pt too wide) detected at line 256
[]
 []


Underfull \vbox (badness 10000) detected at line 256
 []


Overfull \hbox (336.25pt too wide) detected at line 256
[]
 []


Underfull \hbox (badness 10000) detected at line 256
[]
 []

(./bookdown.toc)
\tf@toc=\write6
\openout6 = `bookdown.toc'.


Underfull \hbox (badness 10000) has occurred while \output is active
 [][][][] 
 []

[3

]
Underfull \vbox (badness 10000) has occurred while \output is active []


Overfull \hbox (336.25pt too wide) has occurred while \output is active
[]
 []


Underfull \vbox (badness 10000) has occurred while \output is active []


Overfull \hbox (336.25pt too wide) has occurred while \output is active
[]
 []


Underfull \vbox (badness 10000) has occurred while \output is active []


Overfull \hbox (336.25pt too wide) has occurred while \output is active
[]
 []


Underfull \vbox (badness 10000) has occurred while \output is active []


Overfull \hbox (336.25pt too wide) has occurred while \output is active
[]
 []


Underfull \hbox (badness 10000) has occurred while \output is active
 [][][][] 
 []

[4

]
Underfull \vbox (badness 10000) detected at line 259
 []


Overfull \hbox (336.25pt too wide) detected at line 259
[]
 []


Underfull \vbox (badness 10000) detected at line 259
 []


Overfull \hbox (336.25pt too wide) detected at line 259
[]
 []


Underfull \vbox (badness 10000) detected at line 259
 []


Overfull \hbox (336.25pt too wide) detected at line 259
[]
 []


Underfull \vbox (badness 10000) detected at line 259
 []


Overfull \hbox (336.25pt too wide) detected at line 259
[]
 []

File: images/note.png Graphic file (type bmp)
<images/note.png>

Underfull \hbox (badness 10000) has occurred while \output is active
 [][][][] 
 []

[5

]
Underfull \vbox (badness 10000) has occurred while \output is active []


Overfull \hbox (336.25pt too wide) has occurred while \output is active
[]
 []


Underfull \vbox (badness 10000) has occurred while \output is active []


Overfull \hbox (336.25pt too wide) has occurred while \output is active
[]
 []


Underfull \vbox (badness 10000) has occurred while \output is active []


Overfull \hbox (336.25pt too wide) has occurred while \output is active
[]
 []


Underfull \vbox (badness 10000) has occurred while \output is active []


Overfull \hbox (336.25pt too wide) has occurred while \output is active
[]
 []


Underfull \hbox (badness 10000) has occurred while \output is active
 [][][][] 
 []

[6

]
Underfull \vbox (badness 10000) detected at line 272
 []


Overfull \hbox (336.25pt too wide) detected at line 272
[]
 []


Underfull \vbox (badness 10000) detected at line 272
 []


Overfull \hbox (336.25pt too wide) detected at line 272
[]
 []


Underfull \vbox (badness 10000) detected at line 272
 []


Overfull \hbox (336.25pt too wide) detected at line 272
[]
 []


Underfull \vbox (badness 10000) detected at line 272
 []


Overfull \hbox (336.25pt too wide) detected at line 272
[]
 []


Package fontspec Warning: Font "FandolFang-Regular" does not contain requested
(fontspec)                Script "CJK".


Package fontspec Info: FandolFang-Regular scale = 0.941043990458295.


Package fontspec Info: FandolFang-Regular scale = 0.941043990458295.

LaTeX Font Info:    Font shape `TU/SourceCodePro(0)/m/n' will be
(Font)              scaled to size 6.99997pt on input line 277.

Package fontspec Info: Font family 'FandolFang-Regular(0)' created for font
(fontspec)             'FandolFang-Regular' with options
(fontspec)             [Scale=MatchLowercase,Script={CJK},Extension={.otf}].
(fontspec)              
(fontspec)              This font family consists of the following NFSS
(fontspec)             series/shapes:
(fontspec)              
(fontspec)             - 'normal' (m/n) with NFSS spec.:
(fontspec)             <->s*[0.941043990458295]"[FandolFang-Regular.otf]/OT:lan
guage=dflt;"
(fontspec)             - 'small caps'  (m/sc) with NFSS spec.: 

File: 01_placeholder_files/figure-latex/unnamed-chunk-1-1.pdf Graphic file (typ
e pdf)
<use 01_placeholder_files/figure-latex/unnamed-chunk-1-1.pdf>
File: images/warning.png Graphic file (type bmp)
<images/warning.png>

Underfull \hbox (badness 10000) has occurred while \output is active
 [][][][] 
 []

[7

] [8] [9]
Underfull \vbox (badness 10000) has occurred while \output is active []


Overfull \hbox (336.25pt too wide) has occurred while \output is active
[]
 []


Underfull \vbox (badness 10000) has occurred while \output is active []


Overfull \hbox (336.25pt too wide) has occurred while \output is active
[]
 []


Underfull \vbox (badness 10000) has occurred while \output is active []


Overfull \hbox (336.25pt too wide) has occurred while \output is active
[]
 []


Underfull \vbox (badness 10000) has occurred while \output is active []


Overfull \hbox (336.25pt too wide) has occurred while \output is active
[]
 []


Underfull \hbox (badness 10000) has occurred while \output is active
 [][][][] 
 []

[10

] (./bookdown.ind
Underfull \hbox (badness 10000) detected at line 1
[]
 []


Package hyperref Warning: The anchor of a bookmark and its parent's must not
(hyperref)                be the same. Added a new anchor on input line 1.


Underfull \hbox (badness 10000) has occurred while \output is active
 [][][][] 
 []

[11



]) (./bookdown.aux)
Package rerunfilecheck Info: File `bookdown.out' has not changed.
(rerunfilecheck)             Checksum: FC4A1C836EC3173F100454CEB8D4E237;293.
 ) 
Here is how much of TeX's memory you used:
 20286 strings out of 478918
 374202 string characters out of 5865692
 861890 words of memory out of 5000000
 39867 multiletter control sequences out of 15000+600000
 404290 words of font info for 62 fonts, out of 8000000 for 9000
 14 hyphenation exceptions out of 8191
 98i,7n,125p,327b,429s stack positions out of 5000i,500n,10000p,200000b,80000s

Output written on bookdown.pdf (11 pages).
